#
# There is insufficient memory for the Java Runtime Environment to continue.
# Native memory allocation (malloc) failed to allocate 1024 bytes for char in C:\jdk7u2_32P\jdk7u2\hotspot\src\share\vm\utilities\hashtable.cpp
# Possible reasons:
#   The system is out of physical RAM or swap space
#   In 32 bit mode, the process size limit was hit
# Possible solutions:
#   Reduce memory load on the system
#   Increase physical memory or swap space
#   Check if swap backing store is full
#   Use 64 bit Java on a 64 bit OS
#   Decrease Java heap size (-Xmx/-Xms)
#   Decrease number of Java threads
#   Decrease Java thread stack sizes (-Xss)
#   Set larger code cache with -XX:ReservedCodeCacheSize=
# This output file may be truncated or incomplete.
#
#  Out of Memory Error (memory/allocation.inline.hpp:58), pid=8184, tid=7852
#
# JRE version: 7.0_02-b13
# Java VM: Java HotSpot(TM) Client VM (22.0-b10 mixed mode, sharing windows-x86 )
# Failed to write core dump. Minidumps are not enabled by default on client versions of Windows
#

---------------  T H R E A D  ---------------

Current thread (0x002ea400):  JavaThread "main" [_thread_in_vm, id=7852, stack(0x01020000,0x01070000)]

Stack: [0x01020000,0x01070000],  sp=0x0106f4d4,  free space=317k
Native frames: (J=compiled Java code, j=interpreted, Vv=VM code, C=native code)

[error occurred during error reporting (printing native stack), id 0xc0000005]

Java frames: (J=compiled Java code, j=interpreted, Vv=VM code)
j  java.lang.Throwable.printStackTrace(Ljava/io/PrintStream;)V+1
j  java.lang.ThreadGroup.uncaughtException(Ljava/lang/Thread;Ljava/lang/Throwable;)V+82
j  java.lang.ThreadGroup.uncaughtException(Ljava/lang/Thread;Ljava/lang/Throwable;)V+13
j  java.lang.Thread.dispatchUncaughtException(Ljava/lang/Throwable;)V+6
v  ~StubRoutines::call_stub

---------------  P R O C E S S  ---------------

Java Threads: ( => current thread )
  0x00f8ec00 JavaThread "Service Thread" daemon [_thread_blocked, id=6340, stack(0x04cb0000,0x04d00000)]
  0x00f8a800 JavaThread "C1 CompilerThread0" daemon [_thread_blocked, id=8760, stack(0x04c30000,0x04c80000)]
  0x00f89000 JavaThread "Attach Listener" daemon [_thread_blocked, id=8904, stack(0x04a00000,0x04a50000)]
  0x00f85800 JavaThread "Signal Dispatcher" daemon [_thread_blocked, id=9132, stack(0x012e0000,0x01330000)]
  0x00f61800 JavaThread "Finalizer" daemon [_thread_blocked, id=9708, stack(0x01360000,0x013b0000)]
  0x00f60000 JavaThread "Reference Handler" daemon [_thread_blocked, id=11144, stack(0x01290000,0x012e0000)]
=>0x002ea400 JavaThread "main" [_thread_in_vm, id=7852, stack(0x01020000,0x01070000)]

Other Threads:
  0x00f5d400 VMThread [stack: 0x04840000,0x04890000] [id=8892]
  0x00faf400 WatcherThread [stack: 0x04d20000,0x04d70000] [id=872]

VM state:not at safepoint (normal execution)

VM Mutex/Monitor currently owned by a thread:  ([mutex/lock_event])
[0x00ece8f8] SystemDictionary_lock - owner thread: 0x002ea400

Heap
 def new generation   total 33024K, used 24734K [0x24570000, 0x26940000, 0x29ac0000)
  eden space 29376K,  80% used [0x24570000, 0x25c6d2a8, 0x26220000)
  from space 3648K,  32% used [0x26220000, 0x2634a570, 0x265b0000)
  to   space 3648K,   0% used [0x265b0000, 0x265b0000, 0x26940000)
 tenured generation   total 73308K, used 43988K [0x29ac0000, 0x2e257000, 0x34570000)
   the space 73308K,  60% used [0x29ac0000, 0x2c5b5298, 0x2c5b5400, 0x2e257000)
 compacting perm gen  total 12288K, used 1588K [0x34570000, 0x35170000, 0x38570000)
   the space 12288K,  12% used [0x34570000, 0x346fd328, 0x346fd400, 0x35170000)
    ro space 10240K,  45% used [0x38570000, 0x389f2710, 0x389f2800, 0x38f70000)
    rw space 12288K,  54% used [0x38f70000, 0x395f6488, 0x395f6600, 0x39b70000)

Code Cache  [0x027e0000, 0x028d0000, 0x047e0000)
 total_blobs=416 nmethods=202 adapters=150 free_code_cache=31829Kb largest_free_block=32592896

Dynamic libraries:
0x013b0000 - 0x013df000 	C:\Program Files (x86)\Java\jdk1.7.0_02\bin\javaw.exe
0x77ac0000 - 0x77c40000 	C:\Windows\SysWOW64\ntdll.dll
0x760b0000 - 0x761c0000 	C:\Windows\syswow64\kernel32.dll
0x761d0000 - 0x76217000 	C:\Windows\syswow64\KERNELBASE.dll
0x757c0000 - 0x75860000 	C:\Windows\syswow64\ADVAPI32.dll
0x77190000 - 0x7723c000 	C:\Windows\syswow64\msvcrt.dll
0x75bb0000 - 0x75bc9000 	C:\Windows\SysWOW64\sechost.dll
0x76220000 - 0x76310000 	C:\Windows\syswow64\RPCRT4.dll
0x754e0000 - 0x75540000 	C:\Windows\syswow64\SspiCli.dll
0x754d0000 - 0x754dc000 	C:\Windows\syswow64\CRYPTBASE.dll
0x75a30000 - 0x75b30000 	C:\Windows\syswow64\USER32.dll
0x774d0000 - 0x77560000 	C:\Windows\syswow64\GDI32.dll
0x77a90000 - 0x77a9a000 	C:\Windows\syswow64\LPK.dll
0x75d80000 - 0x75e1d000 	C:\Windows\syswow64\USP10.dll
0x72e10000 - 0x72fae000 	C:\Windows\WinSxS\x86_microsoft.windows.common-controls_6595b64144ccf1df_6.0.7601.17514_none_41e6975e2bd6f2b2\COMCTL32.dll
0x77130000 - 0x77187000 	C:\Windows\syswow64\SHLWAPI.dll
0x75750000 - 0x757b0000 	C:\Windows\system32\IMM32.DLL
0x75540000 - 0x7560c000 	C:\Windows\syswow64\MSCTF.dll
0x6eb90000 - 0x6ec4e000 	C:\Program Files (x86)\Java\jdk1.7.0_02\jre\bin\msvcr100.dll
0x66130000 - 0x66458000 	C:\Program Files (x86)\Java\jdk1.7.0_02\jre\bin\client\jvm.dll
0x74660000 - 0x74667000 	C:\Windows\system32\WSOCK32.dll
0x77250000 - 0x77285000 	C:\Windows\syswow64\WS2_32.dll
0x75ed0000 - 0x75ed6000 	C:\Windows\syswow64\NSI.dll
0x720f0000 - 0x72122000 	C:\Windows\system32\WINMM.dll
0x757b0000 - 0x757b5000 	C:\Windows\syswow64\PSAPI.DLL
0x73960000 - 0x7396c000 	C:\Program Files (x86)\Java\jdk1.7.0_02\jre\bin\verify.dll
0x72810000 - 0x72830000 	C:\Program Files (x86)\Java\jdk1.7.0_02\jre\bin\java.dll
0x72850000 - 0x72863000 	C:\Program Files (x86)\Java\jdk1.7.0_02\jre\bin\zip.dll
0x6b600000 - 0x6b669000 	C:\Windows\System32\msvcp100.dll
0x72560000 - 0x72586000 	C:\opencv\build\common\tbb\ia32\vc10\tbb.dll
0x6d410000 - 0x6d5be000 	C:\opencv\build\x86\vc10\bin\opencv_core231.dll
0x72020000 - 0x72036000 	C:\Windows\system32\CRYPTSP.dll
0x74780000 - 0x747bb000 	C:\Windows\system32\rsaenh.dll
0x72ae0000 - 0x72af7000 	C:\Windows\system32\USERENV.dll
0x72980000 - 0x7298b000 	C:\Windows\system32\profapi.dll
0x6fd10000 - 0x6fd24000 	C:\Program Files (x86)\Java\jdk1.7.0_02\jre\bin\net.dll
0x74440000 - 0x74454000 	C:\Windows\system32\WTFastDrv.dll
0x74350000 - 0x7438c000 	C:\Windows\system32\mswsock.dll
0x74290000 - 0x74296000 	C:\Windows\System32\wship6.dll
0x73560000 - 0x73570000 	C:\Windows\system32\NLAapi.dll
0x71f50000 - 0x71f60000 	C:\Windows\system32\napinsp.dll
0x6fc80000 - 0x6fc92000 	C:\Windows\system32\pnrpnsp.dll
0x727b0000 - 0x727f4000 	C:\Windows\system32\DNSAPI.dll
0x70820000 - 0x70828000 	C:\Windows\System32\winrnr.dll
0x73510000 - 0x73537000 	C:\Program Files (x86)\Common Files\Microsoft Shared\Windows Live\WLIDNSP.DLL
0x744a0000 - 0x744a5000 	C:\Windows\System32\wshtcpip.dll
0x73020000 - 0x7303c000 	C:\Windows\system32\IPHLPAPI.DLL
0x73010000 - 0x73017000 	C:\Windows\system32\WINNSI.DLL
0x74020000 - 0x74026000 	C:\Windows\system32\rasadhlp.dll
0x737d0000 - 0x73808000 	C:\Windows\System32\fwpuclnt.dll
0x73710000 - 0x7371f000 	C:\Program Files (x86)\Java\jdk1.7.0_02\jre\bin\nio.dll
0x6f2d0000 - 0x6f333000 	C:\Users\seok\AppData\Local\Temp\jniopencv_core2460110886275540982.dll
0x6e730000 - 0x6e7a6000 	C:\opencv\build\x86\vc10\bin\opencv_ml231.dll
0x6e5a0000 - 0x6e5e9000 	C:\Users\seok\AppData\Local\Temp\jniopencv_ml1255246902496772654.dll
0x6ae80000 - 0x6ae9b000 	C:\Program Files\SAMSUNG\AllShare Framework DMS\1.3.09\avutil-50.dll
0x5b610000 - 0x5b841000 	C:\opencv\build\x86\vc10\bin\opencv_imgproc231.dll
0x6f290000 - 0x6f2c4000 	C:\Users\seok\AppData\Local\Temp\jniopencv_imgproc3870047816616939487.dll
0x6e3c0000 - 0x6e4a9000 	C:\opencv\build\x86\vc10\bin\opencv_highgui231.dll
0x77560000 - 0x776bc000 	C:\Windows\syswow64\ole32.dll
0x76020000 - 0x760af000 	C:\Windows\syswow64\OLEAUT32.dll
0x6f4b0000 - 0x6f4c9000 	C:\Windows\system32\AVIFIL32.dll
0x71ee0000 - 0x71ef4000 	C:\Windows\system32\MSACM32.dll
0x6e570000 - 0x6e591000 	C:\Windows\system32\MSVFW32.dll
0x76310000 - 0x76f5a000 	C:\Windows\syswow64\SHELL32.dll
0x6ef20000 - 0x6ef33000 	C:\Windows\system32\AVICAP32.dll
0x75400000 - 0x75409000 	C:\Windows\system32\VERSION.dll
0x72b30000 - 0x72bb0000 	C:\Windows\system32\uxtheme.dll
0x10000000 - 0x10028000 	C:\Windows\system32\ImageSAFERFilter.dll
0x742a0000 - 0x7432e000 	C:\Windows\WinSxS\x86_microsoft.vc90.crt_1fc8b3b9a1e18e3b_9.0.30729.6161_none_50934f2ebcb7eb57\MSVCP90.dll
0x745b0000 - 0x74653000 	C:\Windows\WinSxS\x86_microsoft.vc90.crt_1fc8b3b9a1e18e3b_9.0.30729.6161_none_50934f2ebcb7eb57\MSVCR90.dll
0x75370000 - 0x75391000 	C:\Windows\system32\ntmarta.dll
0x75b30000 - 0x75b75000 	C:\Windows\syswow64\WLDAP32.dll
0x72bc0000 - 0x72bc5000 	C:\Windows\system32\MSIMG32.dll
0x72840000 - 0x7284e000 	C:\Users\seok\AppData\Local\Temp\jniopencv_highgui970431874421794934.dll
0x6e500000 - 0x6e564000 	C:\opencv\build\x86\vc10\bin\opencv_flann231.dll
0x6ec80000 - 0x6ec94000 	C:\Users\seok\AppData\Local\Temp\jniopencv_flann1227240030702942423.dll
0x6d690000 - 0x6d76e000 	C:\opencv\build\x86\vc10\bin\opencv_features2d231.dll
0x6b7d0000 - 0x6b88c000 	C:\opencv\build\x86\vc10\bin\opencv_calib3d231.dll
0x6dd80000 - 0x6ddee000 	C:\Users\seok\AppData\Local\Temp\jniopencv_features2d799586222089576296.dll
0x6e4e0000 - 0x6e4ff000 	C:\Users\seok\AppData\Local\Temp\jniopencv_calib3d8673561809102838734.dll
0x6d640000 - 0x6d68d000 	C:\Web_java\eclipse\open_cv_workspace\CV_PROJECT_DEPTH\CV_PROJECT_DEPTH\libpxcupipeline-jni-Win32.dll
0x6b770000 - 0x6b7c4000 	C:\Program Files (x86)\Common Files\Intel\PCSDK\bin\win32\libpxcsession.dll
0x6d610000 - 0x6d638000 	C:\Program Files (x86)\Common Files\Intel\PCSDK\bin\win32\tbb.dll
0x6b6f0000 - 0x6b770000 	C:\Program Files (x86)\Common Files\Intel\PCSDK\bin\win32\libpxccore.dll
0x6d5f0000 - 0x6d608000 	C:\Windows\system32\dxva2.dll
0x72380000 - 0x72543000 	C:\Windows\system32\d3d9.dll
0x73de0000 - 0x73de6000 	C:\Windows\system32\d3d8thk.dll
0x74040000 - 0x74053000 	C:\Windows\system32\dwmapi.dll
0x6a3c0000 - 0x6a563000 	C:\Program Files (x86)\Common Files\Intel\PCSDK\bin\win32\opencv_core230sk.dll
0x70b20000 - 0x70b2c000 	C:\Program Files (x86)\Common Files\Intel\PCSDK\bin\win32\opencv_flann230sk.dll
0x691d0000 - 0x693e8000 	C:\Program Files (x86)\Common Files\Intel\PCSDK\bin\win32\opencv_imgproc230sk.dll
0x6a2d0000 - 0x6a3b4000 	C:\Program Files (x86)\Common Files\Intel\PCSDK\bin\win32\opencv_highgui230sk.dll
0x6aef0000 - 0x6af5e000 	C:\Program Files (x86)\Common Files\Intel\PCSDK\bin\win32\opencv_ml230sk.dll
0x66040000 - 0x66125000 	C:\Program Files (x86)\Common Files\Intel\PCSDK\bin\win32\opencv_features2d230sk.dll
0x5d1f0000 - 0x5d2b7000 	C:\Program Files (x86)\Common Files\Intel\PCSDK\bin\win32\opencv_calib3d230sk.dll
0x5b580000 - 0x5b604000 	C:\Program Files (x86)\Common Files\Intel\PCSDK\bin\win32\opencv_objdetect230sk.dll
0x5b450000 - 0x5b57c000 	C:\Program Files (x86)\Common Files\Intel\PCSDK\bin\win32\CILib.dll
0x6b6c0000 - 0x6b6e2000 	C:\Program Files (x86)\Common Files\Intel\PCSDK\bin\win32\libpxcgesture_ci2.dll
0x75870000 - 0x75a0d000 	C:\Windows\syswow64\SETUPAPI.dll
0x75e90000 - 0x75eb7000 	C:\Windows\syswow64\CFGMGR32.dll
0x77290000 - 0x772a2000 	C:\Windows\syswow64\DEVOBJ.dll
0x75f60000 - 0x75f8e000 	C:\Windows\syswow64\WINTRUST.dll
0x75c60000 - 0x75d80000 	C:\Windows\syswow64\CRYPT32.dll
0x75860000 - 0x7586c000 	C:\Windows\syswow64\MSASN1.dll
0x65fe0000 - 0x66032000 	C:\Program Files (x86)\Common Files\Intel\PCSDK\bin\win32\libpxccamera_depthsense2.dll
0x5b350000 - 0x5b44e000 	C:\Program Files (x86)\SoftKinetic\DepthSenseSDK\bin\DepthSense.dll
0x5b2f0000 - 0x5b349000 	C:\Program Files (x86)\SoftKinetic\DepthSenseSDK\bin\DepthSensePlugins.dll
0x5b280000 - 0x5b2e6000 	C:\Program Files (x86)\SoftKinetic\DepthSenseSDK\bin\turbojpeg.dll
0x72990000 - 0x729dc000 	C:\Windows\system32\apphelp.dll

VM Arguments:
jvm_args: -Dfile.encoding=MS949 
java_command: depthPack.main
Launcher Type: SUN_STANDARD

Environment Variables:
PATH=C:/Web_java/jdk6/bin/../jre/bin/server;C:/Web_java/jdk6/bin/../jre/bin;C:/Web_java/jdk6/bin/../jre/lib/amd64;C:\Program Files\Common Files\Microsoft Shared\Windows Live;C:\Program Files (x86)\Common Files\Microsoft Shared\Windows Live;C:\Program Files (x86)\NVIDIA Corporation\PhysX\Common;C:\Program Files (x86)\AMD APP\bin\x86_64;C:\Program Files (x86)\AMD APP\bin\x86;C:\Windows\system32;C:\Windows;C:\Windows\System32\Wbem;C:\Windows\System32\WindowsPowerShell\v1.0\;C:\Program Files (x86)\ATI Technologies\ATI.ACE\Core-Static\;C:\Web_java\jdk6\bin;C:\Program Files\Microsoft\Web Platform Installer\;C:\Program Files (x86)\Microsoft ASP.NET\ASP.NET Web Pages\v1.0\;C:\Program Files\Microsoft SQL Server\110\Tools\Binn\;C:\Program Files\Samsung\AllShare Framework DMS\1.3.09\;C:\Program Files\Samsung\AllShare Framework DMS\1.3.09\64bit\;C:\opencv\build\common\tbb\intel64\vc10\;C:\opencv\build\x64\vc10\bin\;C:\Program Files\MATLAB\R2008b\bin;C:\Program Files\MATLAB\R2008b\bin\win64;C:\Program Files (x86)\Windows Live\Shared;C:\Program Files (x86)\SoftKinetic\DepthSenseSDK\bin;C:\Program Files\SoftKinetic\DepthSenseSDK\bin;C:\Program Files (x86)\CMake 2.8\bin;;C:\Program Files (x86)\ESTsoft\ALSee\x64;C:\Web_java\eclipse;
USERNAME=seok
OS=Windows_NT
PROCESSOR_IDENTIFIER=Intel64 Family 6 Model 42 Stepping 7, GenuineIntel



---------------  S Y S T E M  ---------------

OS: Windows 7 , 64 bit Build 7601 Service Pack 1

CPU:total 4 (2 cores per cpu, 2 threads per core) family 6 model 42 stepping 7, cmov, cx8, fxsr, mmx, sse, sse2, sse3, ssse3, sse4.1, sse4.2, popcnt, ht

Memory: 4k page, physical 4175036k(736840k free), swap 8348208k(3064840k free)

vm_info: Java HotSpot(TM) Client VM (22.0-b10) for windows-x86 JRE (1.7.0_02-b13), built on Nov 17 2011 17:17:32 by "java_re" with unknown MS VC++:1600

time: Wed Apr 09 05:46:05 2014
elapsed time: 50 seconds

